<?xml version="1.0" encoding="UTF-8"?>
<!-- Generated by org.testng.reporters.JUnitXMLReporter -->
<testsuite ignored="0" hostname="Amol-PC" failures="0" tests="2" name="Test1" time="139.223" errors="0" timestamp="2021-11-05T16:08:30 IST">
  <testcase classname="TestPackage.TestClass1" name="@BeforeTest test" time="137.846">
    <failure type="org.openqa.selenium.TimeoutException" message="No connection could be made because the target machine actively refused it. (os error 10061)
Build info: version: &amp;apos;3.141.59&amp;apos;, revision: &amp;apos;e82be7d358&amp;apos;, time: &amp;apos;2018-11-14T08:17:03&amp;apos;
System info: host: &amp;apos;AMOL-PC&amp;apos;, ip: &amp;apos;192.168.43.238&amp;apos;, os.name: &amp;apos;Windows 7&amp;apos;, os.arch: &amp;apos;amd64&amp;apos;, os.version: &amp;apos;6.1&amp;apos;, java.version: &amp;apos;16.0.2&amp;apos;
Driver info: driver.version: FirefoxDriver
remote stacktrace: ">
      <![CDATA[org.openqa.selenium.TimeoutException: No connection could be made because the target machine actively refused it. (os error 10061)
Build info: version: '3.141.59', revision: 'e82be7d358', time: '2018-11-14T08:17:03'
System info: host: 'AMOL-PC', ip: '192.168.43.238', os.name: 'Windows 7', os.arch: 'amd64', os.version: '6.1', java.version: '16.0.2'
Driver info: driver.version: FirefoxDriver
remote stacktrace: 
at org.openqa.selenium.remote.W3CHandshakeResponse.lambda$errorHandler$0(W3CHandshakeResponse.java:62)
at org.openqa.selenium.remote.HandshakeResponse.lambda$getResponseFunction$0(HandshakeResponse.java:30)
at org.openqa.selenium.remote.ProtocolHandshake.lambda$createSession$0(ProtocolHandshake.java:126)
at java.base/java.util.stream.ReferencePipeline$3$1.accept(ReferencePipeline.java:197)
at java.base/java.util.Spliterators$ArraySpliterator.tryAdvance(Spliterators.java:958)
at java.base/java.util.stream.ReferencePipeline.forEachWithCancel(ReferencePipeline.java:129)
at java.base/java.util.stream.AbstractPipeline.copyIntoWithCancel(AbstractPipeline.java:502)
at java.base/java.util.stream.AbstractPipeline.copyInto(AbstractPipeline.java:488)
at java.base/java.util.stream.AbstractPipeline.wrapAndCopyInto(AbstractPipeline.java:474)
at java.base/java.util.stream.FindOps$FindOp.evaluateSequential(FindOps.java:150)
at java.base/java.util.stream.AbstractPipeline.evaluate(AbstractPipeline.java:234)
at java.base/java.util.stream.ReferencePipeline.findFirst(ReferencePipeline.java:647)
at org.openqa.selenium.remote.ProtocolHandshake.createSession(ProtocolHandshake.java:128)
at org.openqa.selenium.remote.ProtocolHandshake.createSession(ProtocolHandshake.java:74)
at org.openqa.selenium.remote.HttpCommandExecutor.execute(HttpCommandExecutor.java:136)
at org.openqa.selenium.remote.service.DriverCommandExecutor.execute(DriverCommandExecutor.java:83)
at org.openqa.selenium.remote.RemoteWebDriver.execute(RemoteWebDriver.java:552)
at org.openqa.selenium.remote.RemoteWebDriver.startSession(RemoteWebDriver.java:213)
at org.openqa.selenium.remote.RemoteWebDriver.<init>(RemoteWebDriver.java:131)
at org.openqa.selenium.firefox.FirefoxDriver.<init>(FirefoxDriver.java:147)
at org.openqa.selenium.firefox.FirefoxDriver.<init>(FirefoxDriver.java:125)
at BasePackage.Base.openFireFoxBrower(Base.java:19)
at TestPackage.TestClass1.test(TestClass1.java:66)
... Removed 29 stack frames]]>
    </failure>
  </testcase> <!-- @BeforeTest test -->
  <testcase classname="TestPackage.TestClass1" name="@BeforeClass class1" time="-1.636108706613E9">
    <skipped/>
  </testcase> <!-- @BeforeClass class1 -->
  <testcase classname="TestPackage.TestClass1" name="@BeforeMethod method" time="-1.636108706635E9">
    <skipped/>
  </testcase> <!-- @BeforeMethod method -->
  <testcase classname="TestPackage.TestClass1" name="@AfterMethod method1" time="-1.636108706699E9">
    <skipped/>
  </testcase> <!-- @AfterMethod method1 -->
  <testcase classname="TestPackage.TestClass1" name="@BeforeMethod method" time="-1.636108706729E9">
    <skipped/>
  </testcase> <!-- @BeforeMethod method -->
  <testcase classname="TestPackage.TestClass1" name="@AfterMethod method1" time="-1.636108707592E9">
    <skipped/>
  </testcase> <!-- @AfterMethod method1 -->
  <testcase classname="TestPackage.TestClass1" name="@AfterClass class11" time="-1.636108707603E9">
    <skipped/>
  </testcase> <!-- @AfterClass class11 -->
  <testcase classname="TestPackage.TestClass1" name="@AfterTest test11" time="-1.636108707614E9">
    <skipped/>
  </testcase> <!-- @AfterTest test11 -->
  <testcase classname="TestPackage.TestClass1" name="test1" time="0.0">
    <skipped/>
  </testcase> <!-- test1 -->
  <testcase classname="TestPackage.TestClass1" name="test2" time="0.0">
    <skipped/>
  </testcase> <!-- test2 -->
</testsuite> <!-- Test1 -->
