<?xml version="1.0" encoding="UTF-8"?>
<!-- Generated by org.testng.reporters.JUnitXMLReporter -->
<testsuite ignored="0" hostname="Amol-PC" failures="0" tests="2" name="Default test" time="0.317" errors="0" timestamp="2021-11-02T14:53:26 IST">
  <testcase classname="TestPackage.TestClass1" name="@BeforeTest test" time="-1.635845005832E9">
    <failure type="org.testng.TestNGException" message="
Parameter &amp;apos;browser&amp;apos; is required by BeforeTest on method test but has not been marked @Optional or defined
in C:\Users\Amol\AppData\Local\Temp\testng-eclipse-849133299\testng-customsuite.xml">
      <![CDATA[org.testng.TestNGException: 
Parameter 'browser' is required by BeforeTest on method test but has not been marked @Optional or defined
in C:\Users\Amol\AppData\Local\Temp\testng-eclipse-849133299\testng-customsuite.xml
at org.testng.internal.Parameters.createParams(Parameters.java:270)
at org.testng.internal.Parameters.createParametersForMethod(Parameters.java:358)
at org.testng.internal.Parameters.createParameters(Parameters.java:700)
at org.testng.internal.Parameters.createConfigurationParameters(Parameters.java:168)
at org.testng.internal.ConfigInvoker.invokeConfigurations(ConfigInvoker.java:302)
at org.testng.TestRunner.invokeTestConfigurations(TestRunner.java:637)
at org.testng.TestRunner.beforeRun(TestRunner.java:627)
at org.testng.TestRunner.run(TestRunner.java:589)
at org.testng.SuiteRunner.runTest(SuiteRunner.java:377)
at org.testng.SuiteRunner.runSequentially(SuiteRunner.java:371)
at org.testng.SuiteRunner.privateRun(SuiteRunner.java:332)
at org.testng.SuiteRunner.run(SuiteRunner.java:276)
at org.testng.SuiteRunnerWorker.runSuite(SuiteRunnerWorker.java:53)
at org.testng.SuiteRunnerWorker.run(SuiteRunnerWorker.java:96)
at org.testng.TestNG.runSuitesSequentially(TestNG.java:1212)
at org.testng.TestNG.runSuitesLocally(TestNG.java:1134)
at org.testng.TestNG.runSuites(TestNG.java:1063)
at org.testng.TestNG.run(TestNG.java:1031)
at org.testng.remote.AbstractRemoteTestNG.run(AbstractRemoteTestNG.java:115)
at org.testng.remote.RemoteTestNG.initAndRun(RemoteTestNG.java:251)
at org.testng.remote.RemoteTestNG.main(RemoteTestNG.java:77)
]]>
    </failure>
  </testcase> <!-- @BeforeTest test -->
  <testcase classname="TestPackage.TestClass1" name="@BeforeClass class1" time="-1.635845005935E9">
    <skipped/>
  </testcase> <!-- @BeforeClass class1 -->
  <testcase classname="TestPackage.TestClass1" name="@BeforeMethod method" time="-1.635845005967E9">
    <skipped/>
  </testcase> <!-- @BeforeMethod method -->
  <testcase classname="TestPackage.TestClass1" name="@AfterMethod method1" time="-1.635845006048E9">
    <skipped/>
  </testcase> <!-- @AfterMethod method1 -->
  <testcase classname="TestPackage.TestClass1" name="@BeforeMethod method" time="-1.635845006089E9">
    <skipped/>
  </testcase> <!-- @BeforeMethod method -->
  <testcase classname="TestPackage.TestClass1" name="@AfterMethod method1" time="-1.635845006115E9">
    <skipped/>
  </testcase> <!-- @AfterMethod method1 -->
  <testcase classname="TestPackage.TestClass1" name="@AfterClass class11" time="-1.635845006118E9">
    <skipped/>
  </testcase> <!-- @AfterClass class11 -->
  <testcase classname="TestPackage.TestClass1" name="@AfterTest test11" time="-1.635845006131E9">
    <skipped/>
  </testcase> <!-- @AfterTest test11 -->
  <testcase classname="TestPackage.TestClass1" name="test1" time="0.001">
    <skipped/>
  </testcase> <!-- test1 -->
  <testcase classname="TestPackage.TestClass1" name="test2" time="0.0">
    <skipped/>
  </testcase> <!-- test2 -->
</testsuite> <!-- Default test -->
